<?xml version="1.0" encoding="UTF-8"?>
<testng-results skipped="0" failed="0" ignored="0" total="1" passed="1">
  <reporter-output>
  </reporter-output>
  <suite name="Suite" duration-ms="21023" started-at="2018-10-18T19:18:56Z" finished-at="2018-10-18T19:19:17Z">
    <groups>
    </groups>
    <test name="Test" duration-ms="21023" started-at="2018-10-18T19:18:56Z" finished-at="2018-10-18T19:19:17Z">
      <class name="barcode.BarcodeTest">
        <test-method status="PASS" signature="barCodeTest()[pri:0, instance:barcode.BarcodeTest@527740a2]" name="barCodeTest" duration-ms="21007" started-at="2018-10-18T19:18:56Z" finished-at="2018-10-18T19:19:17Z">
          <reporter-output>
          </reporter-output>
        </test-method> <!-- barCodeTest -->
      </class> <!-- barcode.BarcodeTest -->
    </test> <!-- Test -->
  </suite> <!-- Suite -->
</testng-results>
