<?xml version="1.0" encoding="UTF-8"?>
<testng-results skipped="0" failed="0" ignored="0" total="1" passed="1">
  <reporter-output>
  </reporter-output>
  <suite name="Suite" duration-ms="24841" started-at="2018-10-18T18:46:18Z" finished-at="2018-10-18T18:46:43Z">
    <groups>
    </groups>
    <test name="Test" duration-ms="24841" started-at="2018-10-18T18:46:18Z" finished-at="2018-10-18T18:46:43Z">
      <class name="barcode.BarcodeTest">
        <test-method status="PASS" signature="barCodeTest()[pri:0, instance:barcode.BarcodeTest@1060b431]" name="barCodeTest" duration-ms="24820" started-at="2018-10-18T18:46:18Z" finished-at="2018-10-18T18:46:43Z">
          <reporter-output>
          </reporter-output>
        </test-method> <!-- barCodeTest -->
      </class> <!-- barcode.BarcodeTest -->
    </test> <!-- Test -->
  </suite> <!-- Suite -->
</testng-results>
