<?xml version="1.0" encoding="UTF-8"?>
<testng-results skipped="0" failed="0" ignored="0" total="1" passed="1">
  <reporter-output>
  </reporter-output>
  <suite name="Default suite" duration-ms="24888" started-at="2018-10-18T09:22:33Z" finished-at="2018-10-18T09:22:58Z">
    <groups>
    </groups>
    <test name="Default test" duration-ms="24888" started-at="2018-10-18T09:22:33Z" finished-at="2018-10-18T09:22:58Z">
      <class name="sikuliProject.Sikuli1">
        <test-method status="PASS" signature="sikuliTest()[pri:0, instance:sikuliProject.Sikuli1@ed9d034]" name="sikuliTest" duration-ms="24844" started-at="2018-10-18T09:22:33Z" finished-at="2018-10-18T09:22:58Z">
          <reporter-output>
          </reporter-output>
        </test-method> <!-- sikuliTest -->
      </class> <!-- sikuliProject.Sikuli1 -->
    </test> <!-- Default test -->
  </suite> <!-- Default suite -->
</testng-results>
